<?xml version="1.0" encoding="UTF-8"?>
<!-- Generated by org.testng.reporters.JUnitXMLReporter -->
<testsuite ignored="2" hostname="Akshay-HP" failures="0" tests="1" name="RegressionTest" time="0.349" errors="0" timestamp="2024-03-22T10:14:41 IST">
  <testcase classname="testCases.BaseClass" name="@BeforeClass setup" time="-1.711082680264E9">
    <failure type="org.testng.TestNGException" message="
Parameter &amp;apos;browser&amp;apos; is required by BeforeClass on method setup but has not been marked @Optional or defined
in D:\Selenium Tool\Projects\opencart\regression.xml">
      <![CDATA[org.testng.TestNGException: 
Parameter 'browser' is required by BeforeClass on method setup but has not been marked @Optional or defined
in D:\Selenium Tool\Projects\opencart\regression.xml
at java.base/java.util.ArrayList.forEach(ArrayList.java:1511)
... Removed 22 stack frames]]>
    </failure>
  </testcase> <!-- @BeforeClass setup -->
  <testcase classname="testCases.BaseClass" name="@AfterClass tearDown" time="0.0">
    <skipped/>
  </testcase> <!-- @AfterClass tearDown -->
  <testcase classname="testCases.TC_002_LoginValidationTest" name="loginValidation" time="0.0">
    <skipped/>
  </testcase> <!-- loginValidation -->
  <testcase classname="testCases.TC_001_AccountRegistrationTest" name="verify_account_registration" time="0.0">
    <ignored/>
  </testcase> <!-- verify_account_registration -->
  <testcase classname="testCases.TC_003_DataDrivenTestForLogin" name="loginValidationDataDriven" time="0.0">
    <ignored/>
  </testcase> <!-- loginValidationDataDriven -->
</testsuite> <!-- RegressionTest -->
